<?xml version="1.0" encoding="UTF-8"?>
<testng-results ignored="0" total="2" passed="2" failed="0" skipped="0">
  <reporter-output>
  </reporter-output>
  <suite started-at="2023-12-30T00:25:32 IST" name="Default suite" finished-at="2023-12-30T00:26:27 IST" duration-ms="55653">
    <groups>
    </groups>
    <test started-at="2023-12-30T00:25:32 IST" name="Default test" finished-at="2023-12-30T00:26:27 IST" duration-ms="55653">
      <class name="com.SwagLab.testScripts.ProductOrder">
        <test-method is-config="true" signature="openBrowser()[pri:0, instance:com.SwagLab.testScripts.ProductOrder@4d9e68d0]" started-at="2023-12-30T00:25:32 IST" name="openBrowser" finished-at="2023-12-30T00:25:34 IST" duration-ms="2070" status="PASS">
          <reporter-output>
          </reporter-output>
        </test-method> <!-- openBrowser -->
        <test-method is-config="true" signature="logIn()[pri:0, instance:com.SwagLab.testScripts.ProductOrder@4d9e68d0]" started-at="2023-12-30T00:25:34 IST" name="logIn" finished-at="2023-12-30T00:25:39 IST" duration-ms="4874" status="PASS">
          <reporter-output>
          </reporter-output>
        </test-method> <!-- logIn -->
        <test-method signature="productOrder()[pri:0, instance:com.SwagLab.testScripts.ProductOrder@4d9e68d0]" started-at="2023-12-30T00:25:39 IST" name="productOrder" finished-at="2023-12-30T00:25:59 IST" duration-ms="20137" status="PASS">
          <reporter-output>
          </reporter-output>
        </test-method> <!-- productOrder -->
        <test-method is-config="true" signature="logOut()[pri:0, instance:com.SwagLab.testScripts.ProductOrder@4d9e68d0]" started-at="2023-12-30T00:25:59 IST" name="logOut" finished-at="2023-12-30T00:26:03 IST" duration-ms="4186" status="PASS">
          <reporter-output>
          </reporter-output>
        </test-method> <!-- logOut -->
        <test-method is-config="true" signature="logIn()[pri:0, instance:com.SwagLab.testScripts.ProductOrder@4d9e68d0]" started-at="2023-12-30T00:26:03 IST" name="logIn" finished-at="2023-12-30T00:26:03 IST" duration-ms="311" status="PASS">
          <reporter-output>
          </reporter-output>
        </test-method> <!-- logIn -->
        <test-method signature="productOrder()[pri:0, instance:com.SwagLab.testScripts.ProductOrder@4d9e68d0]" started-at="2023-12-30T00:26:03 IST" name="productOrder" finished-at="2023-12-30T00:26:23 IST" duration-ms="19793" status="PASS">
          <reporter-output>
          </reporter-output>
        </test-method> <!-- productOrder -->
        <test-method is-config="true" signature="logOut()[pri:0, instance:com.SwagLab.testScripts.ProductOrder@4d9e68d0]" started-at="2023-12-30T00:26:23 IST" name="logOut" finished-at="2023-12-30T00:26:27 IST" duration-ms="4089" status="PASS">
          <reporter-output>
          </reporter-output>
        </test-method> <!-- logOut -->
        <test-method is-config="true" signature="closeBrowser()[pri:0, instance:com.SwagLab.testScripts.ProductOrder@4d9e68d0]" started-at="2023-12-30T00:26:27 IST" name="closeBrowser" finished-at="2023-12-30T00:26:27 IST" duration-ms="164" status="PASS">
          <reporter-output>
          </reporter-output>
        </test-method> <!-- closeBrowser -->
      </class> <!-- com.SwagLab.testScripts.ProductOrder -->
    </test> <!-- Default test -->
  </suite> <!-- Default suite -->
</testng-results>
